2025-08-02 13:45:18,719 - INFO - Starting dataset consolidation pipeline...
2025-08-02 13:45:18,719 - INFO - Starting dataset consolidation...
2025-08-02 13:45:18,720 - INFO - Starting file discovery...
2025-08-02 13:45:18,745 - INFO - Discovered 2 files, total size: 0.00 GB
2025-08-02 13:45:18,747 - INFO - Consolidated 0 entries
2025-08-02 13:45:18,748 - INFO - Starting deduplication...
2025-08-02 13:45:18,751 - INFO - Deduplication complete: 0 -> 0 entries
2025-08-02 13:45:18,751 - INFO - Applying quality filters...
2025-08-02 13:45:18,753 - INFO - Quality filtering complete: 0 -> 0 entries
2025-08-02 13:45:18,753 - INFO - Creating train/validation/test splits...
2025-08-02 13:45:18,753 - INFO - Split sizes - Train: 0, Val: 0, Test: 0
2025-08-02 13:45:18,754 - INFO - Saving consolidated data...
2025-08-02 13:45:18,754 - INFO - Saved 0 entries to C:\Users\Agam\AppData\Local\Temp\tmptkyg8x85\train.jsonl
2025-08-02 13:45:18,755 - INFO - Saved 0 entries to C:\Users\Agam\AppData\Local\Temp\tmptkyg8x85\validation.jsonl
2025-08-02 13:45:18,755 - INFO - Saved 0 entries to C:\Users\Agam\AppData\Local\Temp\tmptkyg8x85\test.jsonl
2025-08-02 13:45:18,756 - INFO - Saved manifest to C:\Users\Agam\AppData\Local\Temp\tmptkyg8x85\manifest.json
2025-08-02 13:45:18,756 - INFO - Dataset consolidation pipeline completed successfully!
2025-08-02 13:45:41,501 - INFO - Starting dataset consolidation pipeline...
2025-08-02 13:45:41,502 - INFO - Starting dataset consolidation...
2025-08-02 13:45:41,502 - INFO - Starting file discovery...
2025-08-02 13:45:41,518 - INFO - Discovered 2 files, total size: 0.00 GB
2025-08-02 13:45:41,519 - INFO - Consolidated 0 entries
2025-08-02 13:45:41,519 - INFO - Starting deduplication...
2025-08-02 13:45:41,520 - INFO - Deduplication complete: 0 -> 0 entries
2025-08-02 13:45:41,520 - INFO - Applying quality filters...
2025-08-02 13:45:41,520 - INFO - Quality filtering complete: 0 -> 0 entries
2025-08-02 13:45:41,520 - INFO - Creating train/validation/test splits...
2025-08-02 13:45:41,521 - INFO - Split sizes - Train: 0, Val: 0, Test: 0
2025-08-02 13:45:41,521 - INFO - Saving consolidated data...
2025-08-02 13:45:41,521 - INFO - Saved 0 entries to C:\Users\Agam\AppData\Local\Temp\tmpnrbmrdn2\train.jsonl
2025-08-02 13:45:41,522 - INFO - Saved 0 entries to C:\Users\Agam\AppData\Local\Temp\tmpnrbmrdn2\validation.jsonl
2025-08-02 13:45:41,522 - INFO - Saved 0 entries to C:\Users\Agam\AppData\Local\Temp\tmpnrbmrdn2\test.jsonl
2025-08-02 13:45:41,523 - INFO - Saved manifest to C:\Users\Agam\AppData\Local\Temp\tmpnrbmrdn2\manifest.json
2025-08-02 13:45:41,523 - INFO - Dataset consolidation pipeline completed successfully!
2025-08-02 13:45:45,049 - INFO - Starting file discovery...
2025-08-02 13:45:45,056 - INFO - Discovered 0 files, total size: 0.00 GB
2025-08-02 13:45:50,669 - INFO - Starting dataset consolidation pipeline...
2025-08-02 13:45:50,669 - INFO - Starting dataset consolidation...
2025-08-02 13:45:50,669 - INFO - Starting file discovery...
2025-08-02 13:45:50,681 - INFO - Discovered 2 files, total size: 0.00 GB
2025-08-02 13:45:50,682 - INFO - Consolidated 0 entries
2025-08-02 13:45:50,682 - INFO - Starting deduplication...
2025-08-02 13:45:50,683 - INFO - Deduplication complete: 0 -> 0 entries
2025-08-02 13:45:50,683 - INFO - Applying quality filters...
2025-08-02 13:45:50,684 - INFO - Quality filtering complete: 0 -> 0 entries
2025-08-02 13:45:50,684 - INFO - Creating train/validation/test splits...
2025-08-02 13:45:50,685 - INFO - Split sizes - Train: 0, Val: 0, Test: 0
2025-08-02 13:45:50,685 - INFO - Saving consolidated data...
2025-08-02 13:45:50,686 - INFO - Saved 0 entries to C:\Users\Agam\AppData\Local\Temp\tmpeic9yrwi\train.jsonl
2025-08-02 13:45:50,686 - INFO - Saved 0 entries to C:\Users\Agam\AppData\Local\Temp\tmpeic9yrwi\validation.jsonl
2025-08-02 13:45:50,687 - INFO - Saved 0 entries to C:\Users\Agam\AppData\Local\Temp\tmpeic9yrwi\test.jsonl
2025-08-02 13:45:50,688 - INFO - Saved manifest to C:\Users\Agam\AppData\Local\Temp\tmpeic9yrwi\manifest.json
2025-08-02 13:45:50,688 - INFO - Dataset consolidation pipeline completed successfully!
2025-08-02 13:46:15,578 - INFO - Starting file discovery...
2025-08-02 13:46:15,588 - INFO - Discovered 2 files, total size: 0.00 GB
2025-08-02 13:46:42,681 - INFO - Starting file discovery...
2025-08-02 13:46:42,691 - INFO - Discovered 2 files, total size: 0.00 GB
2025-08-02 13:46:53,816 - INFO - Starting file discovery...
2025-08-02 13:46:53,825 - INFO - Discovered 2 files, total size: 0.00 GB
2025-08-02 13:47:32,435 - INFO - Starting file discovery...
2025-08-02 13:47:32,444 - INFO - Discovered 2 files, total size: 0.00 GB
2025-08-02 13:47:47,227 - INFO - Starting file discovery...
2025-08-02 13:47:47,236 - INFO - Discovered 2 files, total size: 0.00 GB
2025-08-02 13:48:05,179 - INFO - Starting file discovery...
2025-08-02 13:48:05,188 - INFO - Discovered 2 files, total size: 0.00 GB
2025-08-02 13:48:08,846 - INFO - Starting dataset consolidation pipeline...
2025-08-02 13:48:08,846 - INFO - Starting dataset consolidation...
2025-08-02 13:48:08,846 - INFO - Starting file discovery...
2025-08-02 13:48:08,855 - INFO - Discovered 2 files, total size: 0.00 GB
2025-08-02 13:48:08,856 - INFO - Consolidated 0 entries
2025-08-02 13:48:08,857 - INFO - Starting deduplication...
2025-08-02 13:48:08,857 - INFO - Deduplication complete: 0 -> 0 entries
2025-08-02 13:48:08,857 - INFO - Applying quality filters...
2025-08-02 13:48:08,858 - INFO - Quality filtering complete: 0 -> 0 entries
2025-08-02 13:48:08,858 - INFO - Creating train/validation/test splits...
2025-08-02 13:48:08,858 - INFO - Split sizes - Train: 0, Val: 0, Test: 0
2025-08-02 13:48:08,858 - INFO - Saving consolidated data...
2025-08-02 13:48:08,859 - INFO - Saved 0 entries to C:\Users\Agam\AppData\Local\Temp\tmpvtnb4bhd\train.jsonl
2025-08-02 13:48:08,859 - INFO - Saved 0 entries to C:\Users\Agam\AppData\Local\Temp\tmpvtnb4bhd\validation.jsonl
2025-08-02 13:48:08,860 - INFO - Saved 0 entries to C:\Users\Agam\AppData\Local\Temp\tmpvtnb4bhd\test.jsonl
2025-08-02 13:48:08,861 - INFO - Saved manifest to C:\Users\Agam\AppData\Local\Temp\tmpvtnb4bhd\manifest.json
2025-08-02 13:48:08,861 - INFO - Dataset consolidation pipeline completed successfully!
2025-08-02 13:48:21,823 - INFO - Starting dataset consolidation pipeline...
2025-08-02 13:48:21,824 - INFO - Starting dataset consolidation...
2025-08-02 13:48:21,824 - INFO - Starting file discovery...
2025-08-02 13:48:21,834 - INFO - Discovered 2 files, total size: 0.00 GB
2025-08-02 13:48:21,839 - INFO - Consolidated 4 entries
2025-08-02 13:48:21,839 - INFO - Starting deduplication...
2025-08-02 13:48:21,840 - INFO - Deduplication complete: 4 -> 4 entries
2025-08-02 13:48:21,840 - INFO - Applying quality filters...
2025-08-02 13:48:21,841 - INFO - Quality filtering complete: 4 -> 4 entries
2025-08-02 13:48:21,841 - INFO - Creating train/validation/test splits...
2025-08-02 13:48:21,841 - INFO - Split sizes - Train: 3, Val: 0, Test: 1
2025-08-02 13:48:21,841 - INFO - Saving consolidated data...
2025-08-02 13:48:21,842 - INFO - Saved 3 entries to C:\Users\Agam\AppData\Local\Temp\tmpbxgnmyhe\train.jsonl
2025-08-02 13:48:21,843 - INFO - Saved 0 entries to C:\Users\Agam\AppData\Local\Temp\tmpbxgnmyhe\validation.jsonl
2025-08-02 13:48:21,844 - INFO - Saved 1 entries to C:\Users\Agam\AppData\Local\Temp\tmpbxgnmyhe\test.jsonl
2025-08-02 13:48:21,845 - INFO - Saved manifest to C:\Users\Agam\AppData\Local\Temp\tmpbxgnmyhe\manifest.json
2025-08-02 13:48:21,845 - INFO - Dataset consolidation pipeline completed successfully!
2025-08-02 13:48:26,476 - INFO - Starting dataset consolidation pipeline...
2025-08-02 13:48:26,476 - INFO - Starting dataset consolidation...
2025-08-02 13:48:26,476 - INFO - Starting file discovery...
2025-08-02 13:56:05,687 - INFO - Discovered 573447 files, total size: 11.13 GB
2025-08-02 14:29:43,815 - WARNING - Error normalizing item: 'NoneType' object has no attribute 'lower'
2025-08-02 14:29:44,184 - INFO - Consolidated 6757 entries
2025-08-02 14:29:44,963 - INFO - Starting deduplication...
2025-08-02 14:29:45,397 - INFO - Deduplication complete: 6757 -> 6556 entries
2025-08-02 14:29:45,398 - INFO - Applying quality filters...
2025-08-02 14:29:45,560 - INFO - Quality filtering complete: 6556 -> 6528 entries
2025-08-02 14:29:45,561 - INFO - Creating train/validation/test splits...
2025-08-02 14:29:45,564 - INFO - Split sizes - Train: 5874, Val: 324, Test: 330
2025-08-02 14:29:45,565 - INFO - Saving consolidated data...
2025-08-02 14:29:45,939 - INFO - Saved 5874 entries to consolidated_output\train.jsonl
2025-08-02 14:29:45,981 - INFO - Saved 324 entries to consolidated_output\validation.jsonl
2025-08-02 14:29:45,997 - INFO - Saved 330 entries to consolidated_output\test.jsonl
2025-08-02 14:29:46,001 - INFO - Saved manifest to consolidated_output\manifest.json
2025-08-02 14:29:46,001 - INFO - Dataset consolidation pipeline completed successfully!
